<?xml version="1.0" encoding="UTF-8"?>
<testng-results skipped="0" failed="0" ignored="0" total="1" passed="1">
  <reporter-output>
  </reporter-output>
  <suite name="Default suite" duration-ms="11130" started-at="2018-06-15T10:19:12Z" finished-at="2018-06-15T10:19:23Z">
    <groups>
    </groups>
    <test name="Default test" duration-ms="11130" started-at="2018-06-15T10:19:12Z" finished-at="2018-06-15T10:19:23Z">
      <class name="testScripts.TC_001">
        <test-method status="PASS" signature="testcase1()[pri:0, instance:testScripts.TC_001@cb51256]" name="testcase1" duration-ms="11093" started-at="2018-06-15T10:19:12Z" finished-at="2018-06-15T10:19:23Z">
          <reporter-output>
          </reporter-output>
        </test-method> <!-- testcase1 -->
      </class> <!-- testScripts.TC_001 -->
    </test> <!-- Default test -->
  </suite> <!-- Default suite -->
</testng-results>
